<?xml version="1.0" encoding="UTF-8"?>
<!-- Generated by org.testng.reporters.JUnitXMLReporter -->
<testsuite ignored="13" hostname="DESKTOP-AHFSB1P" failures="0" tests="1" name="Default test" time="47.0" errors="0" timestamp="2025-10-05T13:35:17 IST">
  <testcase classname="com.tutorialsninjademo.qa.testcases.SearchTest" name="verifyNavigationToProductComparePage" time="3.619"/>
  <testcase classname="com.tutorialsninjademo.qa.testcases.SearchTest" name="verifySearchBySelectingSubCategory" time="0.0">
    <ignored/>
  </testcase> <!-- verifySearchBySelectingSubCategory -->
  <testcase classname="com.tutorialsninjademo.qa.testcases.SearchTest" name="verifySearchWithInvalidProduct" time="0.0">
    <ignored/>
  </testcase> <!-- verifySearchWithInvalidProduct -->
  <testcase classname="com.tutorialsninjademo.qa.testcases.SearchTest" name="verifyMultipleProductsInSearchResult" time="0.0">
    <ignored/>
  </testcase> <!-- verifyMultipleProductsInSearchResult -->
  <testcase classname="com.tutorialsninjademo.qa.testcases.SearchTest" name="verifySearchWithValidProduct" time="0.0">
    <ignored/>
  </testcase> <!-- verifySearchWithValidProduct -->
  <testcase classname="com.tutorialsninjademo.qa.testcases.SearchTest" name="verifySearchByUsingParentCatagoryAndSearchInSubcatagoriesOption" time="0.0">
    <ignored/>
  </testcase> <!-- verifySearchByUsingParentCatagoryAndSearchInSubcatagoriesOption -->
  <testcase classname="com.tutorialsninjademo.qa.testcases.SearchTest" name="verifySearchFieldsPlaceholders" time="0.0">
    <ignored/>
  </testcase> <!-- verifySearchFieldsPlaceholders -->
  <testcase classname="com.tutorialsninjademo.qa.testcases.SearchTest" name="verifySearchWithoutAnyProduct" time="0.0">
    <ignored/>
  </testcase> <!-- verifySearchWithoutAnyProduct -->
  <testcase classname="com.tutorialsninjademo.qa.testcases.SearchTest" name="verifyProductInSearchResultsInListViewAndGridView" time="0.0">
    <ignored/>
  </testcase> <!-- verifyProductInSearchResultsInListViewAndGridView -->
  <testcase classname="com.tutorialsninjademo.qa.testcases.SearchTest" name="verifySearchAfterLogin" time="0.0">
    <ignored/>
  </testcase> <!-- verifySearchAfterLogin -->
  <testcase classname="com.tutorialsninjademo.qa.testcases.SearchTest" name="verifySearchResultingInMultipleProducts" time="0.0">
    <ignored/>
  </testcase> <!-- verifySearchResultingInMultipleProducts -->
  <testcase classname="com.tutorialsninjademo.qa.testcases.SearchTest" name="verifySearchinForProductUsingSomeTextInDescription" time="0.0">
    <ignored/>
  </testcase> <!-- verifySearchinForProductUsingSomeTextInDescription -->
  <testcase classname="com.tutorialsninjademo.qa.testcases.SearchTest" name="verifySearchingForProductUsingSearchCriteriaField" time="0.0">
    <ignored/>
  </testcase> <!-- verifySearchingForProductUsingSearchCriteriaField -->
  <testcase classname="com.tutorialsninjademo.qa.testcases.SearchTest" name="verifyMultipleProductInSearchResultsInListViewAndGridView" time="0.0">
    <ignored/>
  </testcase> <!-- verifyMultipleProductInSearchResultsInListViewAndGridView -->
</testsuite> <!-- Default test -->
