<?xml version="1.0" encoding="UTF-8"?>
<!-- Generated by org.testng.reporters.JUnitXMLReporter -->
<testsuite ignored="0" hostname="DESKTOP-AHFSB1P" failures="0" tests="23" name="Default test" time="729.545" errors="0" timestamp="2026-08-06T17:37:31 IST">
  <testcase classname="com.tutorialsninjademo.qa.testcases.ShoppingCartTest" name="verifyShoppingCartTableIsDisplayed" time="9.066"/>
  <testcase classname="com.tutorialsninjademo.qa.testcases.ShoppingCartTest" name="verifyNumberOfProductsInCart" time="8.298"/>
  <testcase classname="com.tutorialsninjademo.qa.testcases.ShoppingCartTest" name="verifyGetAllProductNamesFromCart" time="8.941"/>
  <testcase classname="com.tutorialsninjademo.qa.testcases.ShoppingCartTest" name="verifyProductExistsInCart" time="8.204"/>
  <testcase classname="com.tutorialsninjademo.qa.testcases.ShoppingCartTest" name="verifyGetProductModel" time="8.148"/>
  <testcase classname="com.tutorialsninjademo.qa.testcases.ShoppingCartTest" name="verifyGetProductUnitPrice" time="8.013"/>
  <testcase classname="com.tutorialsninjademo.qa.testcases.ShoppingCartTest" name="verifyGetProductTotalPrice" time="8.558"/>
  <testcase classname="com.tutorialsninjademo.qa.testcases.ShoppingCartTest" name="verifyGetProductQuantity" time="7.886"/>
  <testcase classname="com.tutorialsninjademo.qa.testcases.ShoppingCartTest" name="verifyUpdateProductQuantity" time="8.46"/>
  <testcase classname="com.tutorialsninjademo.qa.testcases.ShoppingCartTest" name="verifyUpdateCartButtonClick" time="9.236"/>
  <testcase classname="com.tutorialsninjademo.qa.testcases.ShoppingCartTest" name="verifyGetSubTotal" time="8.047"/>
  <testcase classname="com.tutorialsninjademo.qa.testcases.ShoppingCartTest" name="verifyGetTax" time="8.16"/>
  <testcase classname="com.tutorialsninjademo.qa.testcases.ShoppingCartTest" name="verifyGetTotal" time="7.99"/>
  <testcase classname="com.tutorialsninjademo.qa.testcases.ShoppingCartTest" name="verifyCheckoutButtonIsDisplayed" time="7.915"/>
  <testcase classname="com.tutorialsninjademo.qa.testcases.ShoppingCartTest" name="verifyClickOnCheckoutButton" time="8.581"/>
  <testcase classname="com.tutorialsninjademo.qa.testcases.ShoppingCartTest" name="verifyContinueShoppingButtonIsDisplayed" time="7.957"/>
  <testcase classname="com.tutorialsninjademo.qa.testcases.ShoppingCartTest" name="verifyClickOnContinueShoppingButton" time="8.32"/>
  <testcase classname="com.tutorialsninjademo.qa.testcases.ShoppingCartTest" name="verifyEmptyCartMessage" time="94.007"/>
  <testcase classname="com.tutorialsninjademo.qa.testcases.ShoppingCartTest" name="verifyRemoveProductFromCart" time="92.082"/>
  <testcase classname="com.tutorialsninjademo.qa.testcases.ShoppingCartTest" name="verifyProductDetailsInCart" time="8.14"/>
  <testcase classname="com.tutorialsninjademo.qa.testcases.ShoppingCartTest" name="verifyCompleteCheckoutFlow" time="8.13"/>
  <testcase classname="com.tutorialsninjademo.qa.testcases.ShoppingCartTest" name="verifyCartPriceCalculations" time="8.297"/>
  <testcase classname="com.tutorialsninjademo.qa.testcases.ShoppingCartTest" name="verifyProductInCartWithDetails" time="7.955"/>
</testsuite> <!-- Default test -->
