<?xml version="1.0" encoding="UTF-8"?>
<!-- Generated by org.testng.reporters.JUnitXMLReporter -->
<testsuite ignored="0" hostname="DESKTOP-AHFSB1P" failures="1" tests="54" name="TutorialsNinja Test Cases" time="1278.623" errors="0" timestamp="2026-07-30T13:57:13 IST">
  <testcase classname="com.tutorialsninjademo.qa.testcases.RegisterTest" name="@BeforeMethod setUp" time="76.562">
    <failure type="org.openqa.selenium.SessionNotCreatedException" message="Could not start a new session. Response code 500. Message: session not created
from chrome not reachable 
Host info: host: &amp;apos;DESKTOP-AHFSB1P&amp;apos;, ip: &amp;apos;192.168.0.108&amp;apos;
Build info: version: &amp;apos;4.23.1&amp;apos;, revision: &amp;apos;656257d8e9&amp;apos;
System info: os.name: &amp;apos;Windows 10&amp;apos;, os.arch: &amp;apos;amd64&amp;apos;, os.version: &amp;apos;10.0&amp;apos;, java.version: &amp;apos;22.0.1&amp;apos;
Driver info: org.openqa.selenium.chrome.ChromeDriver
Command: [null, newSession {capabilities=[Capabilities {browserName: chrome, goog:chromeOptions: {args: [], binary: C:\Program Files\Google\Chr..., extensions: []}}]}]">
      <![CDATA[org.openqa.selenium.SessionNotCreatedException: Could not start a new session. Response code 500. Message: session not created
from chrome not reachable 
Host info: host: 'DESKTOP-AHFSB1P', ip: '192.168.0.108'
Build info: version: '4.23.1', revision: '656257d8e9'
System info: os.name: 'Windows 10', os.arch: 'amd64', os.version: '10.0', java.version: '22.0.1'
Driver info: org.openqa.selenium.chrome.ChromeDriver
Command: [null, newSession {capabilities=[Capabilities {browserName: chrome, goog:chromeOptions: {args: [], binary: C:\Program Files\Google\Chr..., extensions: []}}]}]
at org.openqa.selenium.remote.ProtocolHandshake.createSession(ProtocolHandshake.java:114)
at org.openqa.selenium.remote.ProtocolHandshake.createSession(ProtocolHandshake.java:75)
at org.openqa.selenium.remote.ProtocolHandshake.createSession(ProtocolHandshake.java:61)
at org.openqa.selenium.remote.HttpCommandExecutor.execute(HttpCommandExecutor.java:162)
at org.openqa.selenium.remote.service.DriverCommandExecutor.invokeExecute(DriverCommandExecutor.java:216)
at org.openqa.selenium.remote.service.DriverCommandExecutor.execute(DriverCommandExecutor.java:174)
at org.openqa.selenium.remote.RemoteWebDriver.execute(RemoteWebDriver.java:545)
at org.openqa.selenium.remote.RemoteWebDriver.startSession(RemoteWebDriver.java:245)
at org.openqa.selenium.remote.RemoteWebDriver.<init>(RemoteWebDriver.java:174)
at org.openqa.selenium.chromium.ChromiumDriver.<init>(ChromiumDriver.java:114)
at org.openqa.selenium.chrome.ChromeDriver.<init>(ChromeDriver.java:88)
at org.openqa.selenium.chrome.ChromeDriver.<init>(ChromeDriver.java:83)
at org.openqa.selenium.chrome.ChromeDriver.<init>(ChromeDriver.java:51)
at com.tutorialsninja.qa.base.Base.initializeBrowserAndOpenApplicationURL(Base.java:59)
at com.tutorialsninjademo.qa.testcases.RegisterTest.setUp(RegisterTest.java:37)
at java.base/java.util.ArrayList.forEach(ArrayList.java:1597)
... Removed 29 stack frames]]>
    </failure>
  </testcase> <!-- @BeforeMethod setUp -->
  <testcase classname="com.tutorialsninjademo.qa.testcases.RegisterTest" name="@AfterMethod tearDown" time="0.0">
    <skipped/>
  </testcase> <!-- @AfterMethod tearDown -->
  <testcase classname="com.tutorialsninjademo.qa.testcases.RegisterTest" name="@BeforeMethod setUp" time="0.0">
    <skipped/>
  </testcase> <!-- @BeforeMethod setUp -->
  <testcase classname="com.tutorialsninjademo.qa.testcases.RegisterTest" name="@AfterMethod tearDown" time="0.0">
    <skipped/>
  </testcase> <!-- @AfterMethod tearDown -->
  <testcase classname="com.tutorialsninjademo.qa.testcases.RegisterTest" name="@BeforeMethod setUp" time="0.0">
    <skipped/>
  </testcase> <!-- @BeforeMethod setUp -->
  <testcase classname="com.tutorialsninjademo.qa.testcases.RegisterTest" name="@AfterMethod tearDown" time="0.0">
    <skipped/>
  </testcase> <!-- @AfterMethod tearDown -->
  <testcase classname="com.tutorialsninjademo.qa.testcases.RegisterTest" name="@BeforeMethod setUp" time="0.0">
    <skipped/>
  </testcase> <!-- @BeforeMethod setUp -->
  <testcase classname="com.tutorialsninjademo.qa.testcases.RegisterTest" name="@AfterMethod tearDown" time="0.0">
    <skipped/>
  </testcase> <!-- @AfterMethod tearDown -->
  <testcase classname="com.tutorialsninjademo.qa.testcases.RegisterTest" name="@BeforeMethod setUp" time="0.0">
    <skipped/>
  </testcase> <!-- @BeforeMethod setUp -->
  <testcase classname="com.tutorialsninjademo.qa.testcases.RegisterTest" name="@AfterMethod tearDown" time="0.0">
    <skipped/>
  </testcase> <!-- @AfterMethod tearDown -->
  <testcase classname="com.tutorialsninjademo.qa.testcases.RegisterTest" name="@BeforeMethod setUp" time="0.0">
    <skipped/>
  </testcase> <!-- @BeforeMethod setUp -->
  <testcase classname="com.tutorialsninjademo.qa.testcases.RegisterTest" name="@AfterMethod tearDown" time="0.0">
    <skipped/>
  </testcase> <!-- @AfterMethod tearDown -->
  <testcase classname="com.tutorialsninjademo.qa.testcases.RegisterTest" name="@BeforeMethod setUp" time="0.0">
    <skipped/>
  </testcase> <!-- @BeforeMethod setUp -->
  <testcase classname="com.tutorialsninjademo.qa.testcases.RegisterTest" name="@AfterMethod tearDown" time="0.0">
    <skipped/>
  </testcase> <!-- @AfterMethod tearDown -->
  <testcase classname="com.tutorialsninjademo.qa.testcases.LoginTest" name="@BeforeMethod setUp" time="233.373">
    <failure type="org.openqa.selenium.TimeoutException" message="java.util.concurrent.TimeoutException
Build info: version: &amp;apos;4.23.1&amp;apos;, revision: &amp;apos;656257d8e9&amp;apos;
System info: os.name: &amp;apos;Windows 10&amp;apos;, os.arch: &amp;apos;amd64&amp;apos;, os.version: &amp;apos;10.0&amp;apos;, java.version: &amp;apos;22.0.1&amp;apos;
Driver info: org.openqa.selenium.chrome.ChromeDriver
Command: [e55cf6da9bb36cb6d80f4d9b06ca5a58, maximizeCurrentWindow {}]
Capabilities {acceptInsecureCerts: false, browserName: chrome, browserVersion: 150.0.7871.187, chrome: {chromedriverVersion: 150.0.7871.124 (9261fd0a595..., userDataDir: C:\Users\Freq\AppData\Local...}, fedcm:accounts: true, goog:chromeOptions: {debuggerAddress: localhost:59394}, goog:processID: 13116, networkConnectionEnabled: false, pageLoadStrategy: normal, platformName: windows, proxy: Proxy(), se:cdp: ws://localhost:59394/devtoo..., se:cdpVersion: 150.0.7871.187, setWindowRect: true, strictFileInteractability: false, timeouts: {implicit: 0, pageLoad: 300000, script: 30000}, unhandledPromptBehavior: dismiss and notify, webauthn:extension:credBlob: true, webauthn:extension:largeBlob: true, webauthn:extension:minPinLength: true, webauthn:extension:prf: true, webauthn:virtualAuthenticators: true}
Session ID: e55cf6da9bb36cb6d80f4d9b06ca5a58">
      <![CDATA[org.openqa.selenium.TimeoutException: java.util.concurrent.TimeoutException
Build info: version: '4.23.1', revision: '656257d8e9'
System info: os.name: 'Windows 10', os.arch: 'amd64', os.version: '10.0', java.version: '22.0.1'
Driver info: org.openqa.selenium.chrome.ChromeDriver
Command: [e55cf6da9bb36cb6d80f4d9b06ca5a58, maximizeCurrentWindow {}]
Capabilities {acceptInsecureCerts: false, browserName: chrome, browserVersion: 150.0.7871.187, chrome: {chromedriverVersion: 150.0.7871.124 (9261fd0a595..., userDataDir: C:\Users\Freq\AppData\Local...}, fedcm:accounts: true, goog:chromeOptions: {debuggerAddress: localhost:59394}, goog:processID: 13116, networkConnectionEnabled: false, pageLoadStrategy: normal, platformName: windows, proxy: Proxy(), se:cdp: ws://localhost:59394/devtoo..., se:cdpVersion: 150.0.7871.187, setWindowRect: true, strictFileInteractability: false, timeouts: {implicit: 0, pageLoad: 300000, script: 30000}, unhandledPromptBehavior: dismiss and notify, webauthn:extension:credBlob: true, webauthn:extension:largeBlob: true, webauthn:extension:minPinLength: true, webauthn:extension:prf: true, webauthn:virtualAuthenticators: true}
Session ID: e55cf6da9bb36cb6d80f4d9b06ca5a58
at org.openqa.selenium.remote.http.jdk.JdkHttpClient.execute(JdkHttpClient.java:423)
at org.openqa.selenium.remote.HttpCommandExecutor.execute(HttpCommandExecutor.java:187)
at org.openqa.selenium.remote.service.DriverCommandExecutor.invokeExecute(DriverCommandExecutor.java:216)
at org.openqa.selenium.remote.service.DriverCommandExecutor.execute(DriverCommandExecutor.java:174)
at org.openqa.selenium.remote.RemoteWebDriver.execute(RemoteWebDriver.java:545)
at org.openqa.selenium.remote.RemoteWebDriver.execute(RemoteWebDriver.java:618)
at org.openqa.selenium.remote.RemoteWebDriver.execute(RemoteWebDriver.java:622)
at org.openqa.selenium.remote.RemoteWebDriver$RemoteWebDriverOptions$RemoteWindow.maximize(RemoteWebDriver.java:1061)
at com.tutorialsninja.qa.base.Base.initializeBrowserAndOpenApplicationURL(Base.java:70)
at com.tutorialsninjademo.qa.testcases.LoginTest.setUp(LoginTest.java:33)
at java.base/java.util.ArrayList.forEach(ArrayList.java:1597)
Caused by: java.util.concurrent.TimeoutException
at java.base/java.util.concurrent.CompletableFuture$Timeout.run(CompletableFuture.java:2920)
at java.base/java.util.concurrent.Executors$RunnableAdapter.call(Executors.java:572)
at java.base/java.util.concurrent.FutureTask.run(FutureTask.java:317)
at java.base/java.util.concurrent.ScheduledThreadPoolExecutor$ScheduledFutureTask.run(ScheduledThreadPoolExecutor.java:304)
at java.base/java.util.concurrent.ThreadPoolExecutor.runWorker(ThreadPoolExecutor.java:1144)
at java.base/java.util.concurrent.ThreadPoolExecutor$Worker.run(ThreadPoolExecutor.java:642)
at java.base/java.lang.Thread.run(Thread.java:1570)
... Removed 29 stack frames]]>
    </failure>
  </testcase> <!-- @BeforeMethod setUp -->
  <testcase classname="com.tutorialsninjademo.qa.testcases.LoginTest" name="@AfterMethod tearDown" time="0.0">
    <skipped/>
  </testcase> <!-- @AfterMethod tearDown -->
  <testcase classname="com.tutorialsninjademo.qa.testcases.LoginTest" name="@BeforeMethod setUp" time="0.0">
    <skipped/>
  </testcase> <!-- @BeforeMethod setUp -->
  <testcase classname="com.tutorialsninjademo.qa.testcases.LoginTest" name="@AfterMethod tearDown" time="0.0">
    <skipped/>
  </testcase> <!-- @AfterMethod tearDown -->
  <testcase classname="com.tutorialsninjademo.qa.testcases.LoginTest" name="@BeforeMethod setUp" time="0.0">
    <skipped/>
  </testcase> <!-- @BeforeMethod setUp -->
  <testcase classname="com.tutorialsninjademo.qa.testcases.LoginTest" name="@AfterMethod tearDown" time="0.0">
    <skipped/>
  </testcase> <!-- @AfterMethod tearDown -->
  <testcase classname="com.tutorialsninjademo.qa.testcases.LoginTest" name="@BeforeMethod setUp" time="0.0">
    <skipped/>
  </testcase> <!-- @BeforeMethod setUp -->
  <testcase classname="com.tutorialsninjademo.qa.testcases.LoginTest" name="@AfterMethod tearDown" time="0.0">
    <skipped/>
  </testcase> <!-- @AfterMethod tearDown -->
  <testcase classname="com.tutorialsninjademo.qa.testcases.LoginTest" name="@BeforeMethod setUp" time="0.0">
    <skipped/>
  </testcase> <!-- @BeforeMethod setUp -->
  <testcase classname="com.tutorialsninjademo.qa.testcases.LoginTest" name="@AfterMethod tearDown" time="0.0">
    <skipped/>
  </testcase> <!-- @AfterMethod tearDown -->
  <testcase classname="com.tutorialsninjademo.qa.testcases.LoginTest" name="@BeforeMethod setUp" time="0.0">
    <skipped/>
  </testcase> <!-- @BeforeMethod setUp -->
  <testcase classname="com.tutorialsninjademo.qa.testcases.LoginTest" name="@AfterMethod tearDown" time="0.0">
    <skipped/>
  </testcase> <!-- @AfterMethod tearDown -->
  <testcase classname="com.tutorialsninjademo.qa.testcases.LoginTest" name="@BeforeMethod setUp" time="0.0">
    <skipped/>
  </testcase> <!-- @BeforeMethod setUp -->
  <testcase classname="com.tutorialsninjademo.qa.testcases.LoginTest" name="@AfterMethod tearDown" time="0.0">
    <skipped/>
  </testcase> <!-- @AfterMethod tearDown -->
  <testcase classname="com.tutorialsninjademo.qa.testcases.LoginTest" name="@BeforeMethod setUp" time="0.0">
    <skipped/>
  </testcase> <!-- @BeforeMethod setUp -->
  <testcase classname="com.tutorialsninjademo.qa.testcases.LoginTest" name="@AfterMethod tearDown" time="0.0">
    <skipped/>
  </testcase> <!-- @AfterMethod tearDown -->
  <testcase classname="com.tutorialsninjademo.qa.testcases.LoginTest" name="@BeforeMethod setUp" time="0.0">
    <skipped/>
  </testcase> <!-- @BeforeMethod setUp -->
  <testcase classname="com.tutorialsninjademo.qa.testcases.LoginTest" name="@AfterMethod tearDown" time="0.0">
    <skipped/>
  </testcase> <!-- @AfterMethod tearDown -->
  <testcase classname="com.tutorialsninjademo.qa.testcases.LoginTest" name="@BeforeMethod setUp" time="0.0">
    <skipped/>
  </testcase> <!-- @BeforeMethod setUp -->
  <testcase classname="com.tutorialsninjademo.qa.testcases.LoginTest" name="@AfterMethod tearDown" time="0.0">
    <skipped/>
  </testcase> <!-- @AfterMethod tearDown -->
  <testcase classname="com.tutorialsninjademo.qa.testcases.RegisterTest" name="verifyRegisteringAnAccountWithMandatoryFields" time="0.001">
    <skipped/>
  </testcase> <!-- verifyRegisteringAnAccountWithMandatoryFields -->
  <testcase classname="com.tutorialsninjademo.qa.testcases.RegisterTest" name="registeringAnAccountWithAllField" time="0.0">
    <skipped/>
  </testcase> <!-- registeringAnAccountWithAllField -->
  <testcase classname="com.tutorialsninjademo.qa.testcases.RegisterTest" name="verifyRegisteringAnAccountWithExistingEmailId" time="0.0">
    <skipped/>
  </testcase> <!-- verifyRegisteringAnAccountWithExistingEmailId -->
  <testcase classname="com.tutorialsninjademo.qa.testcases.RegisterTest" name="verifyRegisteringAnAccountWithoutProvidingAnyDetails" time="0.0">
    <skipped/>
  </testcase> <!-- verifyRegisteringAnAccountWithoutProvidingAnyDetails -->
  <testcase classname="com.tutorialsninjademo.qa.testcases.RegisterTest" name="verifyRegisteringAnAccountWithInvalidEmail" time="0.0">
    <skipped/>
  </testcase> <!-- verifyRegisteringAnAccountWithInvalidEmail -->
  <testcase classname="com.tutorialsninjademo.qa.testcases.RegisterTest" name="registeringAnAccountUsingKeyboardKeys" time="0.0">
    <skipped/>
  </testcase> <!-- registeringAnAccountUsingKeyboardKeys -->
  <testcase classname="com.tutorialsninjademo.qa.testcases.RegisterTest" name="verifyBreadCrumbPageHeadingTitleAndURLOfRegisterPage" time="0.0">
    <skipped/>
  </testcase> <!-- verifyBreadCrumbPageHeadingTitleAndURLOfRegisterPage -->
  <testcase classname="com.tutorialsninjademo.qa.testcases.LoginTest" name="verifyLoginWithValidCredentials" time="0.0">
    <skipped/>
  </testcase> <!-- verifyLoginWithValidCredentials -->
  <testcase classname="com.tutorialsninjademo.qa.testcases.LoginTest" name="verifyLoginWithValidCredentials" time="0.0">
    <skipped/>
  </testcase> <!-- verifyLoginWithValidCredentials -->
  <testcase classname="com.tutorialsninjademo.qa.testcases.LoginTest" name="verifyLoginWithValidCredentials" time="0.0">
    <skipped/>
  </testcase> <!-- verifyLoginWithValidCredentials -->
  <testcase classname="com.tutorialsninjademo.qa.testcases.LoginTest" name="verifyLoginWithInvalidCredentials" time="0.001">
    <skipped/>
  </testcase> <!-- verifyLoginWithInvalidCredentials -->
  <testcase classname="com.tutorialsninjademo.qa.testcases.LoginTest" name="verifyLoginWithInvalidEmailAndValidPassword" time="0.0">
    <skipped/>
  </testcase> <!-- verifyLoginWithInvalidEmailAndValidPassword -->
  <testcase classname="com.tutorialsninjademo.qa.testcases.LoginTest" name="verifyLoginWithValidEmailAndInvalidPassword" time="0.0">
    <skipped/>
  </testcase> <!-- verifyLoginWithValidEmailAndInvalidPassword -->
  <testcase classname="com.tutorialsninjademo.qa.testcases.LoginTest" name="verifyLoginWithoutProvidingCredentials" time="0.0">
    <skipped/>
  </testcase> <!-- verifyLoginWithoutProvidingCredentials -->
  <testcase classname="com.tutorialsninjademo.qa.testcases.LoginTest" name="verifyDifferentWaysOfNavigatingToLoginpage" time="0.0">
    <skipped/>
  </testcase> <!-- verifyDifferentWaysOfNavigatingToLoginpage -->
  <testcase classname="com.tutorialsninjademo.qa.testcases.LoginTest" name="verifyBreadCrumbPageHeadingTitleAndPageURLOfLoginPage" time="0.004">
    <skipped/>
  </testcase> <!-- verifyBreadCrumbPageHeadingTitleAndPageURLOfLoginPage -->
  <testcase classname="com.tutorialsninjademo.qa.testcases.LoginTest" name="verifyUIOfLoginPage" time="0.0">
    <skipped/>
  </testcase> <!-- verifyUIOfLoginPage -->
  <testcase classname="com.tutorialsninjademo.qa.testcases.SearchTest" name="verifySearchWithValidProduct" time="8.116"/>
  <testcase classname="com.tutorialsninjademo.qa.testcases.SearchTest" name="verifySearchWithInvalidProduct" time="1.623"/>
  <testcase classname="com.tutorialsninjademo.qa.testcases.SearchTest" name="verifySearchWithoutAnyProduct" time="0.598"/>
  <testcase classname="com.tutorialsninjademo.qa.testcases.SearchTest" name="verifySearchAfterLogin" time="4.431"/>
  <testcase classname="com.tutorialsninjademo.qa.testcases.SearchTest" name="verifySearchResultingInMultipleProducts" time="3.379"/>
  <testcase classname="com.tutorialsninjademo.qa.testcases.SearchTest" name="verifyMultipleProductsInSearchResult" time="0.878"/>
  <testcase classname="com.tutorialsninjademo.qa.testcases.SearchTest" name="verifySearchFieldsPlaceholders" time="0.539"/>
  <testcase classname="com.tutorialsninjademo.qa.testcases.SearchTest" name="verifySearchingForProductUsingSearchCriteriaField" time="1.631"/>
  <testcase classname="com.tutorialsninjademo.qa.testcases.SearchTest" name="verifySearchinForProductUsingSomeTextInDescription" time="2.531"/>
  <testcase classname="com.tutorialsninjademo.qa.testcases.SearchTest" name="verifySearchBySelectingSubCategory" time="1.521"/>
  <testcase classname="com.tutorialsninjademo.qa.testcases.SearchTest" name="verifySearchByUsingParentCatagoryAndSearchInSubcatagoriesOption" time="1.848"/>
  <testcase classname="com.tutorialsninjademo.qa.testcases.SearchTest" name="verifyProductInSearchResultsInListViewAndGridView" time="51.578"/>
  <testcase classname="com.tutorialsninjademo.qa.testcases.SearchTest" name="verifyMultipleProductInSearchResultsInListViewAndGridView" time="1.621"/>
  <testcase classname="com.tutorialsninjademo.qa.testcases.SearchTest" name="verifyNavigationToProductComparePage" time="1.29"/>
  <testcase classname="com.tutorialsninjademo.qa.testcases.SearchTest" name="verifySortingProductsInSearchResultPage" time="9.499"/>
  <testcase classname="com.tutorialsninjademo.qa.testcases.SearchTest" name="verifyNavigatingToSearchPageFromSiteMapPage" time="1.351"/>
  <testcase classname="com.tutorialsninjademo.qa.testcases.SearchTest" name="verifySearchPageBreadcrumb" time="2.476"/>
  <testcase classname="com.tutorialsninjademo.qa.testcases.SearchTest" name="verifySearchFunctionalityUsageUsingkeyboardKeys" time="48.381"/>
  <testcase classname="com.tutorialsninjademo.qa.testcases.SearchTest" name="verifyScrollToElementUsingJavaScriptExecutor" time="14.079"/>
  <testcase classname="com.tutorialsninjademo.qa.testcases.SearchTest" name="verifyScrollToElementUsingActionsClass" time="12.909"/>
  <testcase classname="com.tutorialsninjademo.qa.testcases.SearchTest" name="verifySearchFunctionalityHeadingURLAndTitle" time="0.426"/>
  <testcase classname="com.tutorialsninjademo.qa.testcases.SearchTest" name="verifySearchFunctionalityUI" time="1.546">
    <failure type="java.lang.NullPointerException" message="Cannot invoke &amp;quot;java.awt.image.BufferedImage.getWidth()&amp;quot; because &amp;quot;image&amp;quot; is null">
      <![CDATA[java.lang.NullPointerException: Cannot invoke "java.awt.image.BufferedImage.getWidth()" because "image" is null
at ru.yandex.qatools.ashot.coordinates.Coords.ofImage(Coords.java:52)
at ru.yandex.qatools.ashot.Screenshot.<init>(Screenshot.java:49)
at ru.yandex.qatools.ashot.comparison.ImageDiffer.makeDiff(ImageDiffer.java:96)
at com.tutorialsnija.qa.utils.Utilities.compareTwoScreenshot(Utilities.java:145)
at com.tutorialsninjademo.qa.testcases.SearchTest.verifySearchFunctionalityUI(SearchTest.java:476)
at java.base/java.util.ArrayList.forEach(ArrayList.java:1597)
... Removed 25 stack frames]]>
    </failure>
  </testcase> <!-- verifySearchFunctionalityUI -->
  <testcase classname="com.tutorialsninjademo.qa.testcases.SearchTest" name="verifySearchFunctionalityInAllEnvironments" time="0.706"/>
  <testcase classname="com.tutorialsninjademo.qa.testcases.ProductCompareTest" name="printListOfProducts" time="1.783"/>
  <testcase classname="com.tutorialsninjademo.qa.testcases.ProductCompareTest" name="verifyAddingProductForComparisonFromProductDisplayPage" time="3.332"/>
  <testcase classname="com.tutorialsninjademo.qa.testcases.ProductCompareTest" name="verifyAddingProductForcomparisonFromSearchPageListView" time="3.356"/>
  <testcase classname="com.tutorialsninjademo.qa.testcases.ProductCompareTest" name="verifyAddingProductForcomparisonFromSearchPageGridView" time="4.539"/>
  <testcase classname="com.tutorialsninjademo.qa.testcases.ProductCompareTest" name="verifyAddingProductForComparisonFromCatagoryPage" time="18.155"/>
  <testcase classname="com.tutorialsninjademo.qa.testcases.ProductCompareTest" name="verifyListOfProductsDisplayedInProductCatagoryPage" time="20.402"/>
  <testcase classname="com.tutorialsninjademo.qa.testcases.LogoutTest" name="verifyLoggingOutUsingMyAccountDropMenu" time="4.364"/>
  <testcase classname="com.tutorialsninjademo.qa.testcases.LogoutTest" name="verifyLoggingOutUsingRightColumnOption" time="2.77"/>
  <testcase classname="com.tutorialsninjademo.qa.testcases.LogoutTest" name="verifyLoggingOutAndBrowsingBack" time="2.428"/>
  <testcase classname="com.tutorialsninjademo.qa.testcases.LogoutTest" name="verifyNoLogoutOptionIsDisplyedBeforeLogin" time="80.426"/>
  <testcase classname="com.tutorialsninjademo.qa.testcases.LogoutTest" name="verifyThereIsNoRightColumnLogoutOptionBeforeLogin" time="86.03"/>
  <testcase classname="com.tutorialsninjademo.qa.testcases.LogoutTest" name="verifyLoginAfterLogout" time="5.159"/>
  <testcase classname="com.tutorialsninjademo.qa.testcases.LogoutTest" name="verifyBreadCrumbTitleHeadingAndURLOfAccountLogoutPage" time="2.991"/>
  <testcase classname="com.tutorialsninjademo.qa.testcases.LogoutTest" name="verifyAccountLogoutFunctionality" time="2.856"/>
</testsuite> <!-- TutorialsNinja Test Cases -->
