<?xml version="1.0" encoding="UTF-8"?>
<testng-results ignored="0" total="2" passed="2" failed="0" skipped="0">
  <reporter-output>
  </reporter-output>
  <suite started-at="2025-07-13T11:57:04 IST" name="Default suite" finished-at="2025-07-13T11:57:36 IST" duration-ms="32103">
    <groups>
    </groups>
    <test started-at="2025-07-13T11:57:04 IST" name="Default test" finished-at="2025-07-13T11:57:36 IST" duration-ms="32103">
      <class name="com.tutorialsninjademo.qa.testcases.SearchTest">
        <test-method is-config="true" signature="setUp()[pri:0, instance:com.tutorialsninjademo.qa.testcases.SearchTest@52f27fbd]" started-at="2025-07-13T11:57:04 IST" name="setUp" finished-at="2025-07-13T11:57:23 IST" duration-ms="18877" status="PASS">
          <reporter-output>
          </reporter-output>
        </test-method> <!-- setUp -->
        <test-method signature="verifySearchWithInvalidProduct()[pri:2, instance:com.tutorialsninjademo.qa.testcases.SearchTest@52f27fbd]" started-at="2025-07-13T11:57:23 IST" name="verifySearchWithInvalidProduct" finished-at="2025-07-13T11:57:26 IST" duration-ms="2775" status="PASS">
          <reporter-output>
          </reporter-output>
        </test-method> <!-- verifySearchWithInvalidProduct -->
        <test-method is-config="true" signature="tearDown()[pri:0, instance:com.tutorialsninjademo.qa.testcases.SearchTest@52f27fbd]" started-at="2025-07-13T11:57:26 IST" name="tearDown" finished-at="2025-07-13T11:57:27 IST" duration-ms="927" status="PASS">
          <reporter-output>
          </reporter-output>
        </test-method> <!-- tearDown -->
        <test-method is-config="true" signature="setUp()[pri:0, instance:com.tutorialsninjademo.qa.testcases.SearchTest@52f27fbd]" started-at="2025-07-13T11:57:27 IST" name="setUp" finished-at="2025-07-13T11:57:35 IST" duration-ms="8553" status="PASS">
          <reporter-output>
          </reporter-output>
        </test-method> <!-- setUp -->
        <test-method signature="verifySearchWithoutAnyProduct()[pri:3, instance:com.tutorialsninjademo.qa.testcases.SearchTest@52f27fbd]" started-at="2025-07-13T11:57:35 IST" name="verifySearchWithoutAnyProduct" finished-at="2025-07-13T11:57:36 IST" depends-on-methods="com.tutorialsninjademo.qa.testcases.SearchTest.verifySearchWithInvalidProduct" duration-ms="520" status="PASS">
          <reporter-output>
          </reporter-output>
        </test-method> <!-- verifySearchWithoutAnyProduct -->
        <test-method is-config="true" signature="tearDown()[pri:0, instance:com.tutorialsninjademo.qa.testcases.SearchTest@52f27fbd]" started-at="2025-07-13T11:57:36 IST" name="tearDown" finished-at="2025-07-13T11:57:36 IST" duration-ms="329" status="PASS">
          <reporter-output>
          </reporter-output>
        </test-method> <!-- tearDown -->
      </class> <!-- com.tutorialsninjademo.qa.testcases.SearchTest -->
    </test> <!-- Default test -->
  </suite> <!-- Default suite -->
</testng-results>
