<?xml version="1.0" encoding="UTF-8"?>
<!-- Generated by org.testng.reporters.JUnitReportReporter -->
<testsuite hostname="DESKTOP-AHFSB1P" failures="0" tests="8" name="com.tutorialsninjademo.qa.testcases.SpecialOffersTest" time="216.356" errors="0" timestamp="2026-08-06T20:12:28 IST" skipped="0">
  <testcase classname="com.tutorialsninjademo.qa.testcases.SpecialOffersTest" name="verifyCompareSpecificProductByName" time="27.339"/>
  <testcase classname="com.tutorialsninjademo.qa.testcases.SpecialOffersTest" name="VerifySortProductListUsingSortBy" time="29.988"/>
  <testcase classname="com.tutorialsninjademo.qa.testcases.SpecialOffersTest" name="verifyNavigationToProductComparisonPage" time="26.586"/>
  <testcase classname="com.tutorialsninjademo.qa.testcases.SpecialOffersTest" name="verifyCompareThisProductShowsSuccessMessage" time="29.102"/>
  <testcase classname="com.tutorialsninjademo.qa.testcases.SpecialOffersTest" name="verifyAddToCartThenOpenProductInfoAndVerifyHeading" time="18.329"/>
  <testcase classname="com.tutorialsninjademo.qa.testcases.SpecialOffersTest" name="verifyClickAddToCartForFirstProductShowsSuccessMessage" time="23.122"/>
  <testcase classname="com.tutorialsninjademo.qa.testcases.SpecialOffersTest" name="verifySpecialOffersHeadingAndBreadcrumb" time="31.573"/>
  <testcase classname="com.tutorialsninjademo.qa.testcases.SpecialOffersTest" name="verifyAddToWishListShowsLoginWarning" time="30.317"/>
</testsuite> <!-- com.tutorialsninjademo.qa.testcases.SpecialOffersTest -->
