<?xml version="1.0" encoding="UTF-8"?>
<!-- Generated by org.testng.reporters.JUnitReportReporter -->
<testsuite hostname="DESKTOP-AHFSB1P" failures="0" tests="8" name="com.tutorialsninjademo.qa.testcases.RegisterTest" time="76.563" errors="1" timestamp="2026-07-30T13:57:17 IST" skipped="7">
  <testcase classname="com.tutorialsninjademo.qa.testcases.RegisterTest" name="setUp" time="76.562">
    <error message="Could not start a new session. Response code 500. Message: session not created
from chrome not reachable 
Host info: host: &#039;DESKTOP-AHFSB1P&#039;, ip: &#039;192.168.0.108&#039;
Build info: version: &#039;4.23.1&#039;, revision: &#039;656257d8e9&#039;
System info: os.name: &#039;Windows 10&#039;, os.arch: &#039;amd64&#039;, os.version: &#039;10.0&#039;, java.version: &#039;22.0.1&#039;
Driver info: org.openqa.selenium.chrome.ChromeDriver
Command: [null, newSession {capabilities=[Capabilities {browserName: chrome, goog:chromeOptions: {args: [], binary: C:\Program Files\Google\Chr..., extensions: []}}]}]" type="org.openqa.selenium.SessionNotCreatedException">
      <![CDATA[org.openqa.selenium.SessionNotCreatedException: Could not start a new session. Response code 500. Message: session not created
from chrome not reachable 
Host info: host: 'DESKTOP-AHFSB1P', ip: '192.168.0.108'
Build info: version: '4.23.1', revision: '656257d8e9'
System info: os.name: 'Windows 10', os.arch: 'amd64', os.version: '10.0', java.version: '22.0.1'
Driver info: org.openqa.selenium.chrome.ChromeDriver
Command: [null, newSession {capabilities=[Capabilities {browserName: chrome, goog:chromeOptions: {args: [], binary: C:\Program Files\Google\Chr..., extensions: []}}]}]
at org.openqa.selenium.remote.ProtocolHandshake.createSession(ProtocolHandshake.java:114)
at org.openqa.selenium.remote.ProtocolHandshake.createSession(ProtocolHandshake.java:75)
at org.openqa.selenium.remote.ProtocolHandshake.createSession(ProtocolHandshake.java:61)
at org.openqa.selenium.remote.HttpCommandExecutor.execute(HttpCommandExecutor.java:162)
at org.openqa.selenium.remote.service.DriverCommandExecutor.invokeExecute(DriverCommandExecutor.java:216)
at org.openqa.selenium.remote.service.DriverCommandExecutor.execute(DriverCommandExecutor.java:174)
at org.openqa.selenium.remote.RemoteWebDriver.execute(RemoteWebDriver.java:545)
at org.openqa.selenium.remote.RemoteWebDriver.startSession(RemoteWebDriver.java:245)
at org.openqa.selenium.remote.RemoteWebDriver.<init>(RemoteWebDriver.java:174)
at org.openqa.selenium.chromium.ChromiumDriver.<init>(ChromiumDriver.java:114)
at org.openqa.selenium.chrome.ChromeDriver.<init>(ChromeDriver.java:88)
at org.openqa.selenium.chrome.ChromeDriver.<init>(ChromeDriver.java:83)
at org.openqa.selenium.chrome.ChromeDriver.<init>(ChromeDriver.java:51)
at com.tutorialsninja.qa.base.Base.initializeBrowserAndOpenApplicationURL(Base.java:59)
at com.tutorialsninjademo.qa.testcases.RegisterTest.setUp(RegisterTest.java:37)
at java.base/jdk.internal.reflect.DirectMethodHandleAccessor.invoke(DirectMethodHandleAccessor.java:103)
at java.base/java.lang.reflect.Method.invoke(Method.java:580)
at org.testng.internal.invokers.MethodInvocationHelper.invokeMethod(MethodInvocationHelper.java:141)
at org.testng.internal.invokers.MethodInvocationHelper.invokeMethodConsideringTimeout(MethodInvocationHelper.java:71)
at org.testng.internal.invokers.ConfigInvoker.invokeConfigurationMethod(ConfigInvoker.java:400)
at org.testng.internal.invokers.ConfigInvoker.invokeConfigurations(ConfigInvoker.java:333)
at org.testng.internal.invokers.TestInvoker.runConfigMethods(TestInvoker.java:833)
at org.testng.internal.invokers.TestInvoker.invokeMethod(TestInvoker.java:600)
at org.testng.internal.invokers.TestInvoker.invokeTestMethod(TestInvoker.java:230)
at org.testng.internal.invokers.MethodRunner.runInSequence(MethodRunner.java:63)
at org.testng.internal.invokers.TestInvoker$MethodInvocationAgent.invoke(TestInvoker.java:992)
at org.testng.internal.invokers.TestInvoker.invokeTestMethods(TestInvoker.java:203)
at org.testng.internal.invokers.TestMethodWorker.invokeTestMethods(TestMethodWorker.java:154)
at org.testng.internal.invokers.TestMethodWorker.run(TestMethodWorker.java:134)
at java.base/java.util.ArrayList.forEach(ArrayList.java:1597)
at org.testng.TestRunner.privateRun(TestRunner.java:739)
at org.testng.TestRunner.run(TestRunner.java:614)
at org.testng.SuiteRunner.runTest(SuiteRunner.java:421)
at org.testng.SuiteRunner.runSequentially(SuiteRunner.java:413)
at org.testng.SuiteRunner.privateRun(SuiteRunner.java:373)
at org.testng.SuiteRunner.run(SuiteRunner.java:312)
at org.testng.SuiteRunnerWorker.runSuite(SuiteRunnerWorker.java:52)
at org.testng.SuiteRunnerWorker.run(SuiteRunnerWorker.java:95)
at org.testng.TestNG.runSuitesSequentially(TestNG.java:1274)
at org.testng.TestNG.runSuitesLocally(TestNG.java:1208)
at org.testng.TestNG.runSuites(TestNG.java:1112)
at org.testng.TestNG.run(TestNG.java:1079)
at org.testng.remote.AbstractRemoteTestNG.run(AbstractRemoteTestNG.java:115)
at org.testng.remote.RemoteTestNG.initAndRun(RemoteTestNG.java:293)
at org.testng.remote.RemoteTestNG.main(RemoteTestNG.java:91)
]]>
    </error>
  </testcase> <!-- setUp -->
  <testcase classname="com.tutorialsninjademo.qa.testcases.RegisterTest" name="verifyRegisteringAnAccountWithMandatoryFields" time="0.001">
    <skipped/>
  </testcase> <!-- verifyRegisteringAnAccountWithMandatoryFields -->
  <testcase classname="com.tutorialsninjademo.qa.testcases.RegisterTest" name="registeringAnAccountWithAllField" time="0.000">
    <skipped/>
  </testcase> <!-- registeringAnAccountWithAllField -->
  <testcase classname="com.tutorialsninjademo.qa.testcases.RegisterTest" name="verifyRegisteringAnAccountWithExistingEmailId" time="0.000">
    <skipped/>
  </testcase> <!-- verifyRegisteringAnAccountWithExistingEmailId -->
  <testcase classname="com.tutorialsninjademo.qa.testcases.RegisterTest" name="verifyRegisteringAnAccountWithoutProvidingAnyDetails" time="0.000">
    <skipped/>
  </testcase> <!-- verifyRegisteringAnAccountWithoutProvidingAnyDetails -->
  <testcase classname="com.tutorialsninjademo.qa.testcases.RegisterTest" name="verifyRegisteringAnAccountWithInvalidEmail" time="0.000">
    <skipped/>
  </testcase> <!-- verifyRegisteringAnAccountWithInvalidEmail -->
  <testcase classname="com.tutorialsninjademo.qa.testcases.RegisterTest" name="registeringAnAccountUsingKeyboardKeys" time="0.000">
    <skipped/>
  </testcase> <!-- registeringAnAccountUsingKeyboardKeys -->
  <testcase classname="com.tutorialsninjademo.qa.testcases.RegisterTest" name="verifyBreadCrumbPageHeadingTitleAndURLOfRegisterPage" time="0.000">
    <skipped/>
  </testcase> <!-- verifyBreadCrumbPageHeadingTitleAndURLOfRegisterPage -->
</testsuite> <!-- com.tutorialsninjademo.qa.testcases.RegisterTest -->
