<?xml version="1.0" encoding="UTF-8"?>
<!-- Generated by org.testng.reporters.JUnitReportReporter -->
<testsuite hostname="DESKTOP-AHFSB1P" failures="0" tests="1" name="com.tutorialsninjademo.qa.testcases.ProductCompareTest" time="20.873" errors="0" timestamp="2026-07-17T20:18:17 IST" skipped="0">
  <testcase classname="com.tutorialsninjademo.qa.testcases.ProductCompareTest" name="verifyAddingProductForComparisonFromProductDisplayPage" time="20.873"/>
</testsuite> <!-- com.tutorialsninjademo.qa.testcases.ProductCompareTest -->
