<?xml version="1.0" encoding="UTF-8"?>
<!-- Generated by org.testng.reporters.JUnitReportReporter -->
<testsuite hostname="DESKTOP-AHFSB1P" failures="0" tests="23" name="com.tutorialsninjademo.qa.testcases.ShoppingCartTest" time="823.301" errors="0" timestamp="2026-08-06T20:12:27 IST" skipped="0">
  <testcase classname="com.tutorialsninjademo.qa.testcases.ShoppingCartTest" name="verifyShoppingCartTableIsDisplayed" time="17.684"/>
  <testcase classname="com.tutorialsninjademo.qa.testcases.ShoppingCartTest" name="verifyNumberOfProductsInCart" time="18.483"/>
  <testcase classname="com.tutorialsninjademo.qa.testcases.ShoppingCartTest" name="verifyGetAllProductNamesFromCart" time="19.278"/>
  <testcase classname="com.tutorialsninjademo.qa.testcases.ShoppingCartTest" name="verifyProductExistsInCart" time="46.440"/>
  <testcase classname="com.tutorialsninjademo.qa.testcases.ShoppingCartTest" name="verifyGetProductModel" time="18.506"/>
  <testcase classname="com.tutorialsninjademo.qa.testcases.ShoppingCartTest" name="verifyGetProductUnitPrice" time="27.557"/>
  <testcase classname="com.tutorialsninjademo.qa.testcases.ShoppingCartTest" name="verifyGetProductTotalPrice" time="26.245"/>
  <testcase classname="com.tutorialsninjademo.qa.testcases.ShoppingCartTest" name="verifyGetProductQuantity" time="18.050"/>
  <testcase classname="com.tutorialsninjademo.qa.testcases.ShoppingCartTest" name="verifyUpdateProductQuantity" time="24.008"/>
  <testcase classname="com.tutorialsninjademo.qa.testcases.ShoppingCartTest" name="verifyUpdateCartButtonClick" time="92.235"/>
  <testcase classname="com.tutorialsninjademo.qa.testcases.ShoppingCartTest" name="verifyGetSubTotal" time="25.574"/>
  <testcase classname="com.tutorialsninjademo.qa.testcases.ShoppingCartTest" name="verifyGetTax" time="19.307"/>
  <testcase classname="com.tutorialsninjademo.qa.testcases.ShoppingCartTest" name="verifyGetTotal" time="68.259"/>
  <testcase classname="com.tutorialsninjademo.qa.testcases.ShoppingCartTest" name="verifyCheckoutButtonIsDisplayed" time="16.534"/>
  <testcase classname="com.tutorialsninjademo.qa.testcases.ShoppingCartTest" name="verifyClickOnCheckoutButton" time="31.442"/>
  <testcase classname="com.tutorialsninjademo.qa.testcases.ShoppingCartTest" name="verifyContinueShoppingButtonIsDisplayed" time="23.806"/>
  <testcase classname="com.tutorialsninjademo.qa.testcases.ShoppingCartTest" name="verifyClickOnContinueShoppingButton" time="18.479"/>
  <testcase classname="com.tutorialsninjademo.qa.testcases.ShoppingCartTest" name="verifyEmptyCartMessage" time="106.025"/>
  <testcase classname="com.tutorialsninjademo.qa.testcases.ShoppingCartTest" name="verifyRemoveProductFromCart" time="111.910"/>
  <testcase classname="com.tutorialsninjademo.qa.testcases.ShoppingCartTest" name="verifyProductDetailsInCart" time="17.667"/>
  <testcase classname="com.tutorialsninjademo.qa.testcases.ShoppingCartTest" name="verifyCompleteCheckoutFlow" time="21.463"/>
  <testcase classname="com.tutorialsninjademo.qa.testcases.ShoppingCartTest" name="verifyCartPriceCalculations" time="36.993"/>
  <testcase classname="com.tutorialsninjademo.qa.testcases.ShoppingCartTest" name="verifyProductInCartWithDetails" time="17.356"/>
</testsuite> <!-- com.tutorialsninjademo.qa.testcases.ShoppingCartTest -->
