<?xml version="1.0" encoding="UTF-8"?>
<!-- Generated by org.testng.reporters.JUnitReportReporter -->
<testsuite hostname="DESKTOP-AHFSB1P" failures="0" tests="5" name="com.tutorialsninjademo.qa.testcases.AddToCartWithoutLoginTest" time="118.335" errors="0" timestamp="2026-08-06T20:12:27 IST" skipped="1">
  <testcase classname="com.tutorialsninjademo.qa.testcases.AddToCartWithoutLoginTest" name="verifyAddingMacbookToCartWithoutLogin" time="8.596"/>
  <testcase classname="com.tutorialsninjademo.qa.testcases.AddToCartWithoutLoginTest" name="verifyAddToCartAndClickOnShoppingCartLinkWithoutLogin" time="10.671"/>
  <testcase classname="com.tutorialsninjademo.qa.testcases.AddToCartWithoutLoginTest" name="verifyAddingIPhoneToCartWithoutLogin" time="8.743"/>
  <testcase classname="com.tutorialsninjademo.qa.testcases.AddToCartWithoutLoginTest" name="verifyAddingAppleCinema30ToCartWithoutLogin" time="90.325"/>
  <testcase classname="com.tutorialsninjademo.qa.testcases.AddToCartWithoutLoginTest" name="verifyAddingCanonEOS5DToCartWithoutLogin">
    <skipped/>
  </testcase> <!-- verifyAddingCanonEOS5DToCartWithoutLogin -->
</testsuite> <!-- com.tutorialsninjademo.qa.testcases.AddToCartWithoutLoginTest -->
