<?xml version="1.0" encoding="UTF-8"?>
<!-- Generated by org.testng.reporters.JUnitReportReporter -->
<testsuite hostname="DESKTOP-AHFSB1P" failures="0" tests="8" name="com.tutorialsninjademo.qa.testcases.LogoutTest" time="393.474" errors="0" timestamp="2026-07-22T20:21:55 IST" skipped="0">
  <testcase classname="com.tutorialsninjademo.qa.testcases.LogoutTest" name="verifyLoggingOutUsingMyAccountDropMenu" time="16.645"/>
  <testcase classname="com.tutorialsninjademo.qa.testcases.LogoutTest" name="verifyLoggingOutUsingRightColumnOption" time="27.709"/>
  <testcase classname="com.tutorialsninjademo.qa.testcases.LogoutTest" name="verifyLoggingOutAndBrowsingBack" time="30.306"/>
  <testcase classname="com.tutorialsninjademo.qa.testcases.LogoutTest" name="verifyNoLogoutOptionIsDisplyedBeforeLogin" time="175.254"/>
  <testcase classname="com.tutorialsninjademo.qa.testcases.LogoutTest" name="verifyThereIsNoRightColumnLogoutOptionBeforeLogin" time="101.736"/>
  <testcase classname="com.tutorialsninjademo.qa.testcases.LogoutTest" name="verifyLoginAfterLogout" time="14.037"/>
  <testcase classname="com.tutorialsninjademo.qa.testcases.LogoutTest" name="verifyBreadCrumbTitleHeadingAndURLOfAccountLogoutPage" time="9.731"/>
  <testcase classname="com.tutorialsninjademo.qa.testcases.LogoutTest" name="verifyAccountLogoutFunctionality" time="18.056"/>
</testsuite> <!-- com.tutorialsninjademo.qa.testcases.LogoutTest -->
