<?xml version="1.0" encoding="UTF-8"?>
<!-- Generated by org.testng.reporters.JUnitReportReporter -->
<testsuite hostname="DESKTOP-AHFSB1P" failures="0" tests="24" name="com.tutorialsninjademo.qa.testcases.SearchTest" time="711.464" errors="1" timestamp="2026-08-06T20:12:28 IST" skipped="6">
  <testcase classname="com.tutorialsninjademo.qa.testcases.SearchTest" name="setUp" time="256.733">
    <error message="java.util.concurrent.TimeoutException
Build info: version: &#039;4.23.1&#039;, revision: &#039;656257d8e9&#039;
System info: os.name: &#039;Windows 10&#039;, os.arch: &#039;amd64&#039;, os.version: &#039;10.0&#039;, java.version: &#039;22.0.1&#039;
Driver info: org.openqa.selenium.chrome.ChromeDriver
Command: [a903d5d18c89d0c1d53462ca446db297, maximizeCurrentWindow {}]
Capabilities {acceptInsecureCerts: false, browserName: chrome, browserVersion: 150.0.7871.189, chrome: {chromedriverVersion: 150.0.7871.124 (9261fd0a595..., userDataDir: C:\Users\Freq\AppData\Local...}, fedcm:accounts: true, goog:chromeOptions: {debuggerAddress: localhost:52698}, goog:processID: 23276, networkConnectionEnabled: false, pageLoadStrategy: normal, platformName: windows, proxy: Proxy(), se:cdp: ws://localhost:52698/devtoo..., se:cdpVersion: 150.0.7871.189, setWindowRect: true, strictFileInteractability: false, timeouts: {implicit: 0, pageLoad: 300000, script: 30000}, unhandledPromptBehavior: dismiss and notify, webauthn:extension:credBlob: true, webauthn:extension:largeBlob: true, webauthn:extension:minPinLength: true, webauthn:extension:prf: true, webauthn:virtualAuthenticators: true}
Session ID: a903d5d18c89d0c1d53462ca446db297" type="org.openqa.selenium.TimeoutException">
      <![CDATA[org.openqa.selenium.TimeoutException: java.util.concurrent.TimeoutException
Build info: version: '4.23.1', revision: '656257d8e9'
System info: os.name: 'Windows 10', os.arch: 'amd64', os.version: '10.0', java.version: '22.0.1'
Driver info: org.openqa.selenium.chrome.ChromeDriver
Command: [a903d5d18c89d0c1d53462ca446db297, maximizeCurrentWindow {}]
Capabilities {acceptInsecureCerts: false, browserName: chrome, browserVersion: 150.0.7871.189, chrome: {chromedriverVersion: 150.0.7871.124 (9261fd0a595..., userDataDir: C:\Users\Freq\AppData\Local...}, fedcm:accounts: true, goog:chromeOptions: {debuggerAddress: localhost:52698}, goog:processID: 23276, networkConnectionEnabled: false, pageLoadStrategy: normal, platformName: windows, proxy: Proxy(), se:cdp: ws://localhost:52698/devtoo..., se:cdpVersion: 150.0.7871.189, setWindowRect: true, strictFileInteractability: false, timeouts: {implicit: 0, pageLoad: 300000, script: 30000}, unhandledPromptBehavior: dismiss and notify, webauthn:extension:credBlob: true, webauthn:extension:largeBlob: true, webauthn:extension:minPinLength: true, webauthn:extension:prf: true, webauthn:virtualAuthenticators: true}
Session ID: a903d5d18c89d0c1d53462ca446db297
at org.openqa.selenium.remote.http.jdk.JdkHttpClient.execute(JdkHttpClient.java:423)
at org.openqa.selenium.remote.HttpCommandExecutor.execute(HttpCommandExecutor.java:187)
at org.openqa.selenium.remote.service.DriverCommandExecutor.invokeExecute(DriverCommandExecutor.java:216)
at org.openqa.selenium.remote.service.DriverCommandExecutor.execute(DriverCommandExecutor.java:174)
at org.openqa.selenium.remote.RemoteWebDriver.execute(RemoteWebDriver.java:545)
at org.openqa.selenium.remote.RemoteWebDriver.execute(RemoteWebDriver.java:618)
at org.openqa.selenium.remote.RemoteWebDriver.execute(RemoteWebDriver.java:622)
at org.openqa.selenium.remote.RemoteWebDriver$RemoteWebDriverOptions$RemoteWindow.maximize(RemoteWebDriver.java:1061)
at com.tutorialsninja.qa.base.Base.initializeBrowserAndOpenApplicationURL(Base.java:70)
at com.tutorialsninjademo.qa.testcases.SearchTest.setUp(SearchTest.java:50)
at java.base/jdk.internal.reflect.DirectMethodHandleAccessor.invoke(DirectMethodHandleAccessor.java:103)
at java.base/java.lang.reflect.Method.invoke(Method.java:580)
at org.testng.internal.invokers.MethodInvocationHelper.invokeMethod(MethodInvocationHelper.java:141)
at org.testng.internal.invokers.MethodInvocationHelper.invokeMethodConsideringTimeout(MethodInvocationHelper.java:71)
at org.testng.internal.invokers.ConfigInvoker.invokeConfigurationMethod(ConfigInvoker.java:400)
at org.testng.internal.invokers.ConfigInvoker.invokeConfigurations(ConfigInvoker.java:333)
at org.testng.internal.invokers.TestInvoker.runConfigMethods(TestInvoker.java:833)
at org.testng.internal.invokers.TestInvoker.invokeMethod(TestInvoker.java:600)
at org.testng.internal.invokers.TestInvoker.invokeTestMethod(TestInvoker.java:230)
at org.testng.internal.invokers.MethodRunner.runInSequence(MethodRunner.java:63)
at org.testng.internal.invokers.TestInvoker$MethodInvocationAgent.invoke(TestInvoker.java:992)
at org.testng.internal.invokers.TestInvoker.invokeTestMethods(TestInvoker.java:203)
at org.testng.internal.invokers.TestMethodWorker.invokeTestMethods(TestMethodWorker.java:154)
at org.testng.internal.invokers.TestMethodWorker.run(TestMethodWorker.java:134)
at java.base/java.util.ArrayList.forEach(ArrayList.java:1597)
at org.testng.TestRunner.privateRun(TestRunner.java:739)
at org.testng.TestRunner.run(TestRunner.java:614)
at org.testng.SuiteRunner.runTest(SuiteRunner.java:421)
at org.testng.SuiteRunner.runSequentially(SuiteRunner.java:413)
at org.testng.SuiteRunner.privateRun(SuiteRunner.java:373)
at org.testng.SuiteRunner.run(SuiteRunner.java:312)
at org.testng.SuiteRunnerWorker.runSuite(SuiteRunnerWorker.java:52)
at org.testng.SuiteRunnerWorker.run(SuiteRunnerWorker.java:95)
at org.testng.TestNG.runSuitesSequentially(TestNG.java:1274)
at org.testng.TestNG.runSuitesLocally(TestNG.java:1208)
at org.testng.TestNG.runSuites(TestNG.java:1112)
at org.testng.TestNG.run(TestNG.java:1079)
at org.testng.remote.AbstractRemoteTestNG.run(AbstractRemoteTestNG.java:115)
at org.testng.remote.RemoteTestNG.initAndRun(RemoteTestNG.java:293)
at org.testng.remote.RemoteTestNG.main(RemoteTestNG.java:91)
Caused by: java.util.concurrent.TimeoutException
at java.base/java.util.concurrent.CompletableFuture$Timeout.run(CompletableFuture.java:2920)
at java.base/java.util.concurrent.Executors$RunnableAdapter.call(Executors.java:572)
at java.base/java.util.concurrent.FutureTask.run(FutureTask.java:317)
at java.base/java.util.concurrent.ScheduledThreadPoolExecutor$ScheduledFutureTask.run(ScheduledThreadPoolExecutor.java:304)
at java.base/java.util.concurrent.ThreadPoolExecutor.runWorker(ThreadPoolExecutor.java:1144)
at java.base/java.util.concurrent.ThreadPoolExecutor$Worker.run(ThreadPoolExecutor.java:642)
at java.base/java.lang.Thread.run(Thread.java:1570)
]]>
    </error>
  </testcase> <!-- setUp -->
  <testcase classname="com.tutorialsninjademo.qa.testcases.SearchTest" name="verifySearchWithValidProduct" time="37.271"/>
  <testcase classname="com.tutorialsninjademo.qa.testcases.SearchTest" name="verifySearchWithInvalidProduct" time="15.210"/>
  <testcase classname="com.tutorialsninjademo.qa.testcases.SearchTest" name="verifySearchWithoutAnyProduct" time="14.521"/>
  <testcase classname="com.tutorialsninjademo.qa.testcases.SearchTest" name="verifySearchAfterLogin" time="25.327"/>
  <testcase classname="com.tutorialsninjademo.qa.testcases.SearchTest" name="verifySearchResultingInMultipleProducts" time="42.525"/>
  <testcase classname="com.tutorialsninjademo.qa.testcases.SearchTest" name="verifyMultipleProductsInSearchResult" time="29.823"/>
  <testcase classname="com.tutorialsninjademo.qa.testcases.SearchTest" name="verifySearchFieldsPlaceholders" time="19.191"/>
  <testcase classname="com.tutorialsninjademo.qa.testcases.SearchTest" name="verifySearchingForProductUsingSearchCriteriaField" time="15.883"/>
  <testcase classname="com.tutorialsninjademo.qa.testcases.SearchTest" name="verifySearchinForProductUsingSomeTextInDescription" time="23.678"/>
  <testcase classname="com.tutorialsninjademo.qa.testcases.SearchTest" name="verifySearchBySelectingSubCategory" time="17.827"/>
  <testcase classname="com.tutorialsninjademo.qa.testcases.SearchTest" name="verifySearchByUsingParentCatagoryAndSearchInSubcatagoriesOption" time="39.791"/>
  <testcase classname="com.tutorialsninjademo.qa.testcases.SearchTest" name="verifyProductInSearchResultsInListViewAndGridView" time="73.640"/>
  <testcase classname="com.tutorialsninjademo.qa.testcases.SearchTest" name="verifyMultipleProductInSearchResultsInListViewAndGridView" time="25.244"/>
  <testcase classname="com.tutorialsninjademo.qa.testcases.SearchTest" name="verifyNavigationToProductComparePage" time="26.677"/>
  <testcase classname="com.tutorialsninjademo.qa.testcases.SearchTest" name="verifySortingProductsInSearchResultPage" time="29.077"/>
  <testcase classname="com.tutorialsninjademo.qa.testcases.SearchTest" name="verifyNavigatingToSearchPageFromSiteMapPage" time="16.758"/>
  <testcase classname="com.tutorialsninjademo.qa.testcases.SearchTest" name="verifySearchPageBreadcrumb" time="2.287"/>
  <testcase classname="com.tutorialsninjademo.qa.testcases.SearchTest" name="verifySearchFunctionalityUsageUsingkeyboardKeys" time="0.000">
    <skipped/>
  </testcase> <!-- verifySearchFunctionalityUsageUsingkeyboardKeys -->
  <testcase classname="com.tutorialsninjademo.qa.testcases.SearchTest" name="verifyScrollToElementUsingJavaScriptExecutor" time="0.000">
    <skipped/>
  </testcase> <!-- verifyScrollToElementUsingJavaScriptExecutor -->
  <testcase classname="com.tutorialsninjademo.qa.testcases.SearchTest" name="verifyScrollToElementUsingActionsClass" time="0.001">
    <skipped/>
  </testcase> <!-- verifyScrollToElementUsingActionsClass -->
  <testcase classname="com.tutorialsninjademo.qa.testcases.SearchTest" name="verifySearchFunctionalityHeadingURLAndTitle" time="0.000">
    <skipped/>
  </testcase> <!-- verifySearchFunctionalityHeadingURLAndTitle -->
  <testcase classname="com.tutorialsninjademo.qa.testcases.SearchTest" name="verifySearchFunctionalityUI" time="0.000">
    <skipped/>
  </testcase> <!-- verifySearchFunctionalityUI -->
  <testcase classname="com.tutorialsninjademo.qa.testcases.SearchTest" name="verifySearchFunctionalityInAllEnvironments" time="0.000">
    <skipped/>
  </testcase> <!-- verifySearchFunctionalityInAllEnvironments -->
</testsuite> <!-- com.tutorialsninjademo.qa.testcases.SearchTest -->
