<?xml version="1.0" encoding="UTF-8"?>
<!-- Generated by org.testng.reporters.JUnitReportReporter -->
<testsuite hostname="DESKTOP-AHFSB1P" failures="0" tests="1" name="com.tutorialsninjademo.qa.testcases.AddToCartWithoutLoginTest" time="28.420" errors="0" timestamp="2026-07-31T18:26:54 IST" skipped="0">
  <testcase classname="com.tutorialsninjademo.qa.testcases.AddToCartWithoutLoginTest" name="verifyAddingMacbookToCartWithoutLogin" time="28.420"/>
</testsuite> <!-- com.tutorialsninjademo.qa.testcases.AddToCartWithoutLoginTest -->
