<?xml version="1.0" encoding="UTF-8"?>
<!-- Generated by org.testng.reporters.JUnitReportReporter -->
<testsuite hostname="DESKTOP-AHFSB1P" failures="0" tests="23" name="com.tutorialsninjademo.qa.testcases.SearchTest" time="534.967" errors="1" timestamp="2026-07-22T20:21:55 IST" skipped="0">
  <testcase classname="com.tutorialsninjademo.qa.testcases.SearchTest" name="verifySearchWithValidProduct" time="10.884"/>
  <testcase classname="com.tutorialsninjademo.qa.testcases.SearchTest" name="verifySearchWithInvalidProduct" time="33.006"/>
  <testcase classname="com.tutorialsninjademo.qa.testcases.SearchTest" name="verifySearchWithoutAnyProduct" time="10.745"/>
  <testcase classname="com.tutorialsninjademo.qa.testcases.SearchTest" name="verifySearchAfterLogin" time="15.714"/>
  <testcase classname="com.tutorialsninjademo.qa.testcases.SearchTest" name="verifySearchResultingInMultipleProducts" time="41.493"/>
  <testcase classname="com.tutorialsninjademo.qa.testcases.SearchTest" name="verifyMultipleProductsInSearchResult" time="16.838"/>
  <testcase classname="com.tutorialsninjademo.qa.testcases.SearchTest" name="verifySearchFieldsPlaceholders" time="19.526"/>
  <testcase classname="com.tutorialsninjademo.qa.testcases.SearchTest" name="verifySearchingForProductUsingSearchCriteriaField" time="22.464"/>
  <testcase classname="com.tutorialsninjademo.qa.testcases.SearchTest" name="verifySearchinForProductUsingSomeTextInDescription" time="16.339"/>
  <testcase classname="com.tutorialsninjademo.qa.testcases.SearchTest" name="verifySearchBySelectingSubCategory" time="19.619"/>
  <testcase classname="com.tutorialsninjademo.qa.testcases.SearchTest" name="verifySearchByUsingParentCatagoryAndSearchInSubcatagoriesOption" time="10.611"/>
  <testcase classname="com.tutorialsninjademo.qa.testcases.SearchTest" name="verifyProductInSearchResultsInListViewAndGridView" time="58.408"/>
  <testcase classname="com.tutorialsninjademo.qa.testcases.SearchTest" name="verifyMultipleProductInSearchResultsInListViewAndGridView" time="8.300"/>
  <testcase classname="com.tutorialsninjademo.qa.testcases.SearchTest" name="verifyNavigationToProductComparePage" time="27.543"/>
  <testcase classname="com.tutorialsninjademo.qa.testcases.SearchTest" name="verifySortingProductsInSearchResultPage" time="43.238"/>
  <testcase classname="com.tutorialsninjademo.qa.testcases.SearchTest" name="verifyNavigatingToSearchPageFromSiteMapPage" time="7.997"/>
  <testcase classname="com.tutorialsninjademo.qa.testcases.SearchTest" name="verifySearchPageBreadcrumb" time="26.647"/>
  <testcase classname="com.tutorialsninjademo.qa.testcases.SearchTest" name="verifySearchFunctionalityUsageUsingkeyboardKeys" time="61.187"/>
  <testcase classname="com.tutorialsninjademo.qa.testcases.SearchTest" name="verifyScrollToElementUsingJavaScriptExecutor" time="22.120"/>
  <testcase classname="com.tutorialsninjademo.qa.testcases.SearchTest" name="verifyScrollToElementUsingActionsClass" time="20.265"/>
  <testcase classname="com.tutorialsninjademo.qa.testcases.SearchTest" name="verifySearchFunctionalityHeadingURLAndTitle" time="7.855"/>
  <testcase classname="com.tutorialsninjademo.qa.testcases.SearchTest" name="verifySearchFunctionalityUI" time="17.106">
    <error message="Cannot invoke &quot;java.awt.image.BufferedImage.getWidth()&quot; because &quot;image&quot; is null" type="java.lang.NullPointerException">
      <![CDATA[java.lang.NullPointerException: Cannot invoke "java.awt.image.BufferedImage.getWidth()" because "image" is null
at ru.yandex.qatools.ashot.coordinates.Coords.ofImage(Coords.java:52)
at ru.yandex.qatools.ashot.Screenshot.<init>(Screenshot.java:49)
at ru.yandex.qatools.ashot.comparison.ImageDiffer.makeDiff(ImageDiffer.java:96)
at com.tutorialsnija.qa.utils.Utilities.compareTwoScreenshot(Utilities.java:145)
at com.tutorialsninjademo.qa.testcases.SearchTest.verifySearchFunctionalityUI(SearchTest.java:476)
at java.base/jdk.internal.reflect.DirectMethodHandleAccessor.invoke(DirectMethodHandleAccessor.java:103)
at java.base/java.lang.reflect.Method.invoke(Method.java:580)
at org.testng.internal.invokers.MethodInvocationHelper.invokeMethod(MethodInvocationHelper.java:141)
at org.testng.internal.invokers.TestInvoker.invokeMethod(TestInvoker.java:686)
at org.testng.internal.invokers.TestInvoker.invokeTestMethod(TestInvoker.java:230)
at org.testng.internal.invokers.MethodRunner.runInSequence(MethodRunner.java:63)
at org.testng.internal.invokers.TestInvoker$MethodInvocationAgent.invoke(TestInvoker.java:992)
at org.testng.internal.invokers.TestInvoker.invokeTestMethods(TestInvoker.java:203)
at org.testng.internal.invokers.TestMethodWorker.invokeTestMethods(TestMethodWorker.java:154)
at org.testng.internal.invokers.TestMethodWorker.run(TestMethodWorker.java:134)
at java.base/java.util.ArrayList.forEach(ArrayList.java:1597)
at org.testng.TestRunner.privateRun(TestRunner.java:739)
at org.testng.TestRunner.run(TestRunner.java:614)
at org.testng.SuiteRunner.runTest(SuiteRunner.java:421)
at org.testng.SuiteRunner.runSequentially(SuiteRunner.java:413)
at org.testng.SuiteRunner.privateRun(SuiteRunner.java:373)
at org.testng.SuiteRunner.run(SuiteRunner.java:312)
at org.testng.SuiteRunnerWorker.runSuite(SuiteRunnerWorker.java:52)
at org.testng.SuiteRunnerWorker.run(SuiteRunnerWorker.java:95)
at org.testng.TestNG.runSuitesSequentially(TestNG.java:1274)
at org.testng.TestNG.runSuitesLocally(TestNG.java:1208)
at org.testng.TestNG.runSuites(TestNG.java:1112)
at org.testng.TestNG.run(TestNG.java:1079)
at org.testng.remote.AbstractRemoteTestNG.run(AbstractRemoteTestNG.java:115)
at org.testng.remote.RemoteTestNG.initAndRun(RemoteTestNG.java:293)
at org.testng.remote.RemoteTestNG.main(RemoteTestNG.java:91)
]]>
    </error>
  </testcase> <!-- verifySearchFunctionalityUI -->
  <testcase classname="com.tutorialsninjademo.qa.testcases.SearchTest" name="verifySearchFunctionalityInAllEnvironments" time="17.062"/>
</testsuite> <!-- com.tutorialsninjademo.qa.testcases.SearchTest -->
