<?xml version="1.0" encoding="UTF-8"?>
<!-- Generated by org.testng.reporters.JUnitReportReporter -->
<testsuite hostname="DESKTOP-AHFSB1P" failures="0" tests="6" name="com.tutorialsninjademo.qa.testcases.ProductCompareTest" time="162.318" errors="0" timestamp="2026-07-30T13:57:17 IST" skipped="0">
  <testcase classname="com.tutorialsninjademo.qa.testcases.ProductCompareTest" name="printListOfProducts" time="19.436"/>
  <testcase classname="com.tutorialsninjademo.qa.testcases.ProductCompareTest" name="verifyAddingProductForComparisonFromProductDisplayPage" time="23.289"/>
  <testcase classname="com.tutorialsninjademo.qa.testcases.ProductCompareTest" name="verifyAddingProductForcomparisonFromSearchPageListView" time="28.614"/>
  <testcase classname="com.tutorialsninjademo.qa.testcases.ProductCompareTest" name="verifyAddingProductForcomparisonFromSearchPageGridView" time="11.255"/>
  <testcase classname="com.tutorialsninjademo.qa.testcases.ProductCompareTest" name="verifyAddingProductForComparisonFromCatagoryPage" time="47.386"/>
  <testcase classname="com.tutorialsninjademo.qa.testcases.ProductCompareTest" name="verifyListOfProductsDisplayedInProductCatagoryPage" time="32.338"/>
</testsuite> <!-- com.tutorialsninjademo.qa.testcases.ProductCompareTest -->
