<?xml version="1.0" encoding="UTF-8"?>
<!-- Generated by org.testng.reporters.JUnitReportReporter -->
<testsuite hostname="DESKTOP-AHFSB1P" failures="0" tests="8" name="com.tutorialsninjademo.qa.testcases.SpecialOffersTest" time="270.583" errors="0" timestamp="2026-07-31T16:21:06 IST" skipped="0">
  <testcase classname="com.tutorialsninjademo.qa.testcases.SpecialOffersTest" name="verifyCompareThisProductShowsSuccessMessage" time="16.976"/>
  <testcase classname="com.tutorialsninjademo.qa.testcases.SpecialOffersTest" name="verifyAddToCartThenOpenProductInfoAndVerifyHeading" time="45.376"/>
  <testcase classname="com.tutorialsninjademo.qa.testcases.SpecialOffersTest" name="verifyCompareSpecificProductByName" time="24.227"/>
  <testcase classname="com.tutorialsninjademo.qa.testcases.SpecialOffersTest" name="verifyAddToWishListShowsLoginWarning" time="14.768"/>
  <testcase classname="com.tutorialsninjademo.qa.testcases.SpecialOffersTest" name="VerifySortProductListUsingSortBy" time="54.643"/>
  <testcase classname="com.tutorialsninjademo.qa.testcases.SpecialOffersTest" name="verifyNavigationToProductComparisonPage" time="78.029"/>
  <testcase classname="com.tutorialsninjademo.qa.testcases.SpecialOffersTest" name="verifySpecialOffersHeadingAndBreadcrumb" time="12.949"/>
  <testcase classname="com.tutorialsninjademo.qa.testcases.SpecialOffersTest" name="verifyClickAddToCartForFirstProductShowsSuccessMessage" time="23.615"/>
</testsuite> <!-- com.tutorialsninjademo.qa.testcases.SpecialOffersTest -->
